Using pre-set license
Built from '2020.3/release' branch; Version is '2020.3.15f2 (6cf78cb77498) revision 7141260'; Using compiler version '192528614'; Build Type 'Release'
OS: 'Windows 10 Pro; OS build 19043.1165; Version 2009; 64bit' Language: 'ko' Physical Memory: 16172 MB
BatchMode: 1, IsHumanControllingUs: 0, StartBugReporterOnCrash: 0, Is64bit: 1, IsPro: 0

 COMMAND LINE ARGUMENTS:
C:\Program Files\Unity\Hub\Editor\2020.3.15f2\Editor\Unity.exe
-adb2
-batchMode
-noUpm
-name
AssetImportWorker0
-projectPath
C:/Users/user/Desktop/GitHub/FirstRepo1/shootingGame
-logFile
Logs/AssetImportWorker0.log
-srvPort
61034
Successfully changed project path to: C:/Users/user/Desktop/GitHub/FirstRepo1/shootingGame
C:/Users/user/Desktop/GitHub/FirstRepo1/shootingGame
Using Asset Import Pipeline V2.
Refreshing native plugins compatible for Editor in 22.24 ms, found 2 plugins.
Preloading 0 native plugins for Editor in 0.00 ms.
Initialize engine version: 2020.3.15f2 (6cf78cb77498)
[Subsystems] Discovering subsystems at path C:/Program Files/Unity/Hub/Editor/2020.3.15f2/Editor/Data/Resources/UnitySubsystems
[Subsystems] Discovering subsystems at path C:/Users/user/Desktop/GitHub/FirstRepo1/shootingGame/Assets
GfxDevice: creating device client; threaded=0
Direct3D:
    Version:  Direct3D 11.0 [level 11.1]
    Renderer: Intel(R) UHD Graphics 750 (ID=0x4c8a)
    Vendor:   
    VRAM:     8086 MB
    Driver:   27.20.100.9127
Initialize mono
Mono path[0] = 'C:/Program Files/Unity/Hub/Editor/2020.3.15f2/Editor/Data/Managed'
Mono path[1] = 'C:/Program Files/Unity/Hub/Editor/2020.3.15f2/Editor/Data/MonoBleedingEdge/lib/mono/unityjit'
Mono config path = 'C:/Program Files/Unity/Hub/Editor/2020.3.15f2/Editor/Data/MonoBleedingEdge/etc'
Using monoOptions --debugger-agent=transport=dt_socket,embedding=1,server=y,suspend=n,address=127.0.0.1:56196
Begin MonoManager ReloadAssembly
Registering precompiled unity dll's ...
Register platform support module: C:/Program Files/Unity/Hub/Editor/2020.3.15f2/Editor/Data/PlaybackEngines/WindowsStandaloneSupport/UnityEditor.WindowsStandalone.Extensions.dll
Registered in 0.001649 seconds.
Native extension for WindowsStandalone target not found
Refreshing native plugins compatible for Editor in 19.12 ms, found 2 plugins.
Preloading 0 native plugins for Editor in 0.00 ms.
Mono: successfully reloaded assembly
- Completed reload, in  1.315 seconds
Domain Reload Profiling:
	ReloadAssembly (1315ms)
		BeginReloadAssembly (42ms)
			ExecutionOrderSort (0ms)
			DisableScriptedObjects (0ms)
			BackupInstance (0ms)
			ReleaseScriptingObjects (0ms)
			CreateAndSetChildDomain (1ms)
		EndReloadAssembly (262ms)
			LoadAssemblies (40ms)
			RebuildTransferFunctionScriptingTraits (0ms)
			SetupTypeCache (92ms)
			ReleaseScriptCaches (0ms)
			RebuildScriptCaches (20ms)
			SetupLoadedEditorAssemblies (103ms)
				LogAssemblyErrors (0ms)
				InitializePlatformSupportModulesInManaged (3ms)
				SetLoadedEditorAssemblies (0ms)
				RefreshPlugins (19ms)
				BeforeProcessingInitializeOnLoad (10ms)
				ProcessInitializeOnLoadAttributes (52ms)
				ProcessInitializeOnLoadMethodAttributes (19ms)
				AfterProcessingInitializeOnLoad (0ms)
				EditorAssembliesLoaded (0ms)
			ExecutionOrderSort2 (0ms)
			AwakeInstancesAfterBackupRestoration (0ms)
Platform modules already initialized, skipping
Registering precompiled user dll's ...
Registered in 0.003451 seconds.
Begin MonoManager ReloadAssembly
Native extension for WindowsStandalone target not found
Refreshing native plugins compatible for Editor in 0.21 ms, found 2 plugins.
Preloading 0 native plugins for Editor in 0.00 ms.
Mono: successfully reloaded assembly
- Completed reload, in  0.726 seconds
Domain Reload Profiling:
	ReloadAssembly (726ms)
		BeginReloadAssembly (98ms)
			ExecutionOrderSort (0ms)
			DisableScriptedObjects (3ms)
			BackupInstance (0ms)
			ReleaseScriptingObjects (0ms)
			CreateAndSetChildDomain (12ms)
		EndReloadAssembly (585ms)
			LoadAssemblies (66ms)
			RebuildTransferFunctionScriptingTraits (0ms)
			SetupTypeCache (167ms)
			ReleaseScriptCaches (0ms)
			RebuildScriptCaches (26ms)
			SetupLoadedEditorAssemblies (270ms)
				LogAssemblyErrors (0ms)
				InitializePlatformSupportModulesInManaged (3ms)
				SetLoadedEditorAssemblies (0ms)
				RefreshPlugins (0ms)
				BeforeProcessingInitializeOnLoad (62ms)
				ProcessInitializeOnLoadAttributes (197ms)
				ProcessInitializeOnLoadMethodAttributes (3ms)
				AfterProcessingInitializeOnLoad (5ms)
				EditorAssembliesLoaded (0ms)
			ExecutionOrderSort2 (0ms)
			AwakeInstancesAfterBackupRestoration (4ms)
Platform modules already initialized, skipping
========================================================================
Worker process is ready to serve import requests
Launched and connected shader compiler UnityShaderCompiler.exe after 0.03 seconds
Refreshing native plugins compatible for Editor in 0.21 ms, found 2 plugins.
Preloading 0 native plugins for Editor in 0.00 ms.
Unloading 1396 Unused Serialized files (Serialized files now loaded: 0)
System memory in use before: 67.6 MB.
System memory in use after: 67.6 MB.

Unloading 19 unused Assets to reduce memory usage. Loaded Objects now: 1830.
Total: 1.496600 ms (FindLiveObjects: 0.094100 ms CreateObjectMapping: 0.033600 ms MarkObjects: 1.298000 ms  DeleteObjects: 0.070100 ms)

AssetImportParameters requested are different than current active one (requested -> active):
  custom:framework-win-MediaFoundation: 216162199b28c13a410421893ffa2e32 -> 
  custom:video-decoder-ogg-theora: a1e56fd34408186e4bbccfd4996cb3dc -> 
  custom:container-muxer-webm: aa71ff27fc2769a1b78a27578f13a17b -> 
  custom:container-demuxer-webm: 4f35f7cbe854078d1ac9338744f61a02 -> 
  custom:container-demuxer-ogg: 62fdf1f143b41e24485cea50d1cbac27 -> 
  custom:video-encoder-webm-vp8: eb34c28f22e8b96e1ab97ce403110664 -> 
  custom:video-decoder-webm-vp8: 9c59270c3fd7afecdb556c50c9e8de78 -> 
  custom:audio-decoder-ogg-vorbis: bf7c407c2cedff20999df2af8eb42d56 -> 
  custom:audio-encoder-webm-vorbis: bf7c407c2cedff20999df2af8eb42d56 -> 
========================================================================
Received Import Request.
  path: Assets/Imgae
  artifactKey: Guid(28120a636423c804a8ba41a76bf0ff52) Importer(815301076,1909f56bfc062723c751e8b465ee728b)
Start importing Assets/Imgae using Guid(28120a636423c804a8ba41a76bf0ff52) Importer(815301076,1909f56bfc062723c751e8b465ee728b)  -> (artifact id: '565e75e848507bddc00eef3bb7c22db4') in 0.004319 seconds 
  Import took 0.005899 seconds .

========================================================================
Received Import Request.
  Time since last request: 6.035533 seconds.
  path: Assets/Imgae/test2.png
  artifactKey: Guid(3925563ebf1d4c349b9775a390049a14) Importer(815301076,1909f56bfc062723c751e8b465ee728b)
Start importing Assets/Imgae/test2.png using Guid(3925563ebf1d4c349b9775a390049a14) Importer(815301076,1909f56bfc062723c751e8b465ee728b)  -> (artifact id: '8ac53c3e7e03b0358fd9339abb0fac9e') in 0.044849 seconds 
  Import took 0.046799 seconds .

========================================================================
Received Import Request.
  Time since last request: 1.083803 seconds.
  path: Assets/Imgae/test.png
  artifactKey: Guid(45717c9cbb5df074299cc80eee7b34b4) Importer(815301076,1909f56bfc062723c751e8b465ee728b)
Start importing Assets/Imgae/test.png using Guid(45717c9cbb5df074299cc80eee7b34b4) Importer(815301076,1909f56bfc062723c751e8b465ee728b)  -> (artifact id: '535e799acd0a1bfea5fafb673e0aee79') in 0.010522 seconds 
  Import took 0.013143 seconds .

========================================================================
Received Import Request.
  Time since last request: 16.840614 seconds.
  path: Assets/Imgae/test.png
  artifactKey: Guid(45717c9cbb5df074299cc80eee7b34b4) Importer(815301076,1909f56bfc062723c751e8b465ee728b)
Start importing Assets/Imgae/test.png using Guid(45717c9cbb5df074299cc80eee7b34b4) Importer(815301076,1909f56bfc062723c751e8b465ee728b)  -> (artifact id: '0aa1d171143d9ea05147965efa609ccd') in 0.045685 seconds 
  Import took 0.047541 seconds .

========================================================================
Received Import Request.
  Time since last request: 5.154542 seconds.
  path: Assets/Imgae/test2.png
  artifactKey: Guid(3925563ebf1d4c349b9775a390049a14) Importer(815301076,1909f56bfc062723c751e8b465ee728b)
Start importing Assets/Imgae/test2.png using Guid(3925563ebf1d4c349b9775a390049a14) Importer(815301076,1909f56bfc062723c751e8b465ee728b)  -> (artifact id: '5f44c919203e1346a4a25f312ee19076') in 0.025064 seconds 
  Import took 0.027066 seconds .

========================================================================
Received Import Request.
  Time since last request: 27.570285 seconds.
  path: Assets/Imgae/test.png
  artifactKey: Guid(45717c9cbb5df074299cc80eee7b34b4) Importer(815301076,1909f56bfc062723c751e8b465ee728b)
Start importing Assets/Imgae/test.png using Guid(45717c9cbb5df074299cc80eee7b34b4) Importer(815301076,1909f56bfc062723c751e8b465ee728b)  -> (artifact id: '9d8c517c46cd71d2317ac26129640885') in 0.018489 seconds 
  Import took 0.020752 seconds .

========================================================================
Received Import Request.
  Time since last request: 5.744941 seconds.
  path: Assets/Imgae/test2.png
  artifactKey: Guid(3925563ebf1d4c349b9775a390049a14) Importer(815301076,1909f56bfc062723c751e8b465ee728b)
Start importing Assets/Imgae/test2.png using Guid(3925563ebf1d4c349b9775a390049a14) Importer(815301076,1909f56bfc062723c751e8b465ee728b)  -> (artifact id: '5c02842da4fc87510dac16d9a348c4d2') in 0.021662 seconds 
  Import took 0.024113 seconds .

========================================================================
Received Import Request.
  Time since last request: 41.937107 seconds.
  path: Assets/Meterial
  artifactKey: Guid(f8dd7a06e5a9b024b97a1960c2a7e095) Importer(815301076,1909f56bfc062723c751e8b465ee728b)
Start importing Assets/Meterial using Guid(f8dd7a06e5a9b024b97a1960c2a7e095) Importer(815301076,1909f56bfc062723c751e8b465ee728b)  -> (artifact id: '25c1adad50e6e1f63a0a08da2210b6b2') in 0.003437 seconds 
  Import took 0.005378 seconds .

========================================================================
Received Import Request.
  Time since last request: 12.244630 seconds.
  path: Assets/Meterial/New Material.mat
  artifactKey: Guid(2215be1141ac4ef4badc396da1629595) Importer(815301076,1909f56bfc062723c751e8b465ee728b)
Start importing Assets/Meterial/New Material.mat using Guid(2215be1141ac4ef4badc396da1629595) Importer(815301076,1909f56bfc062723c751e8b465ee728b)  -> (artifact id: 'c639a756edc17930363040ccb577a9d4') in 0.078087 seconds 
  Import took 0.079835 seconds .

========================================================================
Received Import Request.
  Time since last request: 171.378295 seconds.
  path: Assets/NewBehaviourScript.cs
  artifactKey: Guid(2fcdf94e7a548d141ae3766767ec8831) Importer(815301076,1909f56bfc062723c751e8b465ee728b)
Start importing Assets/NewBehaviourScript.cs using Guid(2fcdf94e7a548d141ae3766767ec8831) Importer(815301076,1909f56bfc062723c751e8b465ee728b)  -> (artifact id: '39b5a2d694013353ca3c669ed13f9ce6') in 0.004526 seconds 
  Import took 0.006740 seconds .

========================================================================
Received Prepare
Registering precompiled user dll's ...
Registered in 0.003031 seconds.
Begin MonoManager ReloadAssembly
Native extension for WindowsStandalone target not found
Refreshing native plugins compatible for Editor in 0.22 ms, found 2 plugins.
Preloading 0 native plugins for Editor in 0.00 ms.
Mono: successfully reloaded assembly
- Completed reload, in  0.697 seconds
Domain Reload Profiling:
	ReloadAssembly (697ms)
		BeginReloadAssembly (88ms)
			ExecutionOrderSort (0ms)
			DisableScriptedObjects (3ms)
			BackupInstance (0ms)
			ReleaseScriptingObjects (0ms)
			CreateAndSetChildDomain (21ms)
		EndReloadAssembly (552ms)
			LoadAssemblies (69ms)
			RebuildTransferFunctionScriptingTraits (0ms)
			SetupTypeCache (163ms)
			ReleaseScriptCaches (0ms)
			RebuildScriptCaches (22ms)
			SetupLoadedEditorAssemblies (245ms)
				LogAssemblyErrors (0ms)
				InitializePlatformSupportModulesInManaged (3ms)
				SetLoadedEditorAssemblies (0ms)
				RefreshPlugins (0ms)
				BeforeProcessingInitializeOnLoad (62ms)
				ProcessInitializeOnLoadAttributes (171ms)
				ProcessInitializeOnLoadMethodAttributes (3ms)
				AfterProcessingInitializeOnLoad (5ms)
				EditorAssembliesLoaded (0ms)
			ExecutionOrderSort2 (0ms)
			AwakeInstancesAfterBackupRestoration (4ms)
Platform modules already initialized, skipping
Refreshing native plugins compatible for Editor in 0.20 ms, found 2 plugins.
Preloading 0 native plugins for Editor in 0.00 ms.
Unloading 1391 Unused Serialized files (Serialized files now loaded: 0)
System memory in use before: 70.9 MB.
System memory in use after: 70.9 MB.

Unloading 14 unused Assets to reduce memory usage. Loaded Objects now: 1879.
Total: 1.474800 ms (FindLiveObjects: 0.087900 ms CreateObjectMapping: 0.027700 ms MarkObjects: 1.312600 ms  DeleteObjects: 0.045800 ms)

AssetImportParameters requested are different than current active one (requested -> active):
  custom:framework-win-MediaFoundation: 216162199b28c13a410421893ffa2e32 -> 
  custom:video-decoder-ogg-theora: a1e56fd34408186e4bbccfd4996cb3dc -> 
  custom:container-muxer-webm: aa71ff27fc2769a1b78a27578f13a17b -> 
  custom:container-demuxer-webm: 4f35f7cbe854078d1ac9338744f61a02 -> 
  custom:container-demuxer-ogg: 62fdf1f143b41e24485cea50d1cbac27 -> 
  custom:video-encoder-webm-vp8: eb34c28f22e8b96e1ab97ce403110664 -> 
  custom:video-decoder-webm-vp8: 9c59270c3fd7afecdb556c50c9e8de78 -> 
  custom:audio-decoder-ogg-vorbis: bf7c407c2cedff20999df2af8eb42d56 -> 
  custom:audio-encoder-webm-vorbis: bf7c407c2cedff20999df2af8eb42d56 -> 
========================================================================
Received Import Request.
  Time since last request: 6.143578 seconds.
  path: Assets/Script
  artifactKey: Guid(f1e07b5e31d393e4e85d70789d870ac1) Importer(815301076,1909f56bfc062723c751e8b465ee728b)
Start importing Assets/Script using Guid(f1e07b5e31d393e4e85d70789d870ac1) Importer(815301076,1909f56bfc062723c751e8b465ee728b)  -> (artifact id: '4079c7a54f29a93442dd47a6b121ce4c') in 0.003635 seconds 
  Import took 0.005233 seconds .

========================================================================
Received Import Request.
  Time since last request: 0.004073 seconds.
  path: Assets/Script
  artifactKey: Guid(f1e07b5e31d393e4e85d70789d870ac1) Importer(815301076,1909f56bfc062723c751e8b465ee728b)
Start importing Assets/Script using Guid(f1e07b5e31d393e4e85d70789d870ac1) Importer(815301076,1909f56bfc062723c751e8b465ee728b)  -> (artifact id: '4079c7a54f29a93442dd47a6b121ce4c') in 0.003014 seconds 
  Import took 0.005046 seconds .

========================================================================
Received Import Request.
  Time since last request: 73.545559 seconds.
  path: Assets/Imgae/test.png
  artifactKey: Guid(45717c9cbb5df074299cc80eee7b34b4) Importer(815301076,1909f56bfc062723c751e8b465ee728b)
Start importing Assets/Imgae/test.png using Guid(45717c9cbb5df074299cc80eee7b34b4) Importer(815301076,1909f56bfc062723c751e8b465ee728b)  -> (artifact id: '2d174c66b730d6d233909db8ea0a7e05') in 0.054534 seconds 
  Import took 0.056192 seconds .

========================================================================
Received Import Request.
  Time since last request: 110.133027 seconds.
  path: Assets/Meterial/Text.mat
  artifactKey: Guid(2215be1141ac4ef4badc396da1629595) Importer(815301076,1909f56bfc062723c751e8b465ee728b)
Start importing Assets/Meterial/Text.mat using Guid(2215be1141ac4ef4badc396da1629595) Importer(815301076,1909f56bfc062723c751e8b465ee728b)  -> (artifact id: '2fb7fb6083c0db6bdedcc1e2516ff0a6') in 0.032926 seconds 
  Import took 0.035613 seconds .

========================================================================
Received Import Request.
  Time since last request: 7.708951 seconds.
  path: Assets/Meterial/TestBackGround.mat
  artifactKey: Guid(2215be1141ac4ef4badc396da1629595) Importer(815301076,1909f56bfc062723c751e8b465ee728b)
Start importing Assets/Meterial/TestBackGround.mat using Guid(2215be1141ac4ef4badc396da1629595) Importer(815301076,1909f56bfc062723c751e8b465ee728b)  -> (artifact id: '02155dee37cb0dd07721b4aa628371e9') in 0.021645 seconds 
  Import took 0.023742 seconds .

AssetImportWorkerClient::OnTransportError - code=2 error=End of file
